Analysis & Synthesis report for toolflow
Tue Oct 29 14:13:10 2024
Quartus Prime Version 20.1.1 Build 720 11/11/2020 SJ Standard Edition


---------------------
; Table of Contents ;
---------------------
  1. Legal Notice
  2. Analysis & Synthesis Summary
  3. Analysis & Synthesis Settings
  4. Parallel Compilation
  5. Analysis & Synthesis Messages



----------------
; Legal Notice ;
----------------
Copyright (C) 2020  Intel Corporation. All rights reserved.
Your use of Intel Corporation's design tools, logic functions 
and other software and tools, and any partner logic 
functions, and any output files from any of the foregoing 
(including device programming or simulation files), and any 
associated documentation or information are expressly subject 
to the terms and conditions of the Intel Program License 
Subscription Agreement, the Intel Quartus Prime License Agreement,
the Intel FPGA IP License Agreement, or other applicable license
agreement, including, without limitation, that your use is for
the sole purpose of programming logic devices manufactured by
Intel and sold by Intel or its authorized distributors.  Please
refer to the applicable agreement for further details, at
https://fpgasoftware.intel.com/eula.



+--------------------------------------------------------------------------------------+
; Analysis & Synthesis Summary                                                         ;
+------------------------------------+-------------------------------------------------+
; Analysis & Synthesis Status        ; Failed - Tue Oct 29 14:13:10 2024               ;
; Quartus Prime Version              ; 20.1.1 Build 720 11/11/2020 SJ Standard Edition ;
; Revision Name                      ; toolflow                                        ;
; Top-level Entity Name              ; MIPS_Processor                                  ;
; Family                             ; Cyclone IV E                                    ;
; Total logic elements               ; N/A until Partition Merge                       ;
;     Total combinational functions  ; N/A until Partition Merge                       ;
;     Dedicated logic registers      ; N/A until Partition Merge                       ;
; Total registers                    ; N/A until Partition Merge                       ;
; Total pins                         ; N/A until Partition Merge                       ;
; Total virtual pins                 ; N/A until Partition Merge                       ;
; Total memory bits                  ; N/A until Partition Merge                       ;
; Embedded Multiplier 9-bit elements ; N/A until Partition Merge                       ;
; Total PLLs                         ; N/A until Partition Merge                       ;
+------------------------------------+-------------------------------------------------+


+------------------------------------------------------------------------------------------------------------+
; Analysis & Synthesis Settings                                                                              ;
+------------------------------------------------------------------+--------------------+--------------------+
; Option                                                           ; Setting            ; Default Value      ;
+------------------------------------------------------------------+--------------------+--------------------+
; Device                                                           ; EP4CE115F29C7      ;                    ;
; Top-level entity name                                            ; MIPS_Processor     ; toolflow           ;
; Family name                                                      ; Cyclone IV E       ; Cyclone V          ;
; VHDL Version                                                     ; VHDL_2008          ; VHDL_1993          ;
; Use smart compilation                                            ; Off                ; Off                ;
; Enable parallel Assembler and Timing Analyzer during compilation ; On                 ; On                 ;
; Enable compact report table                                      ; Off                ; Off                ;
; Restructure Multiplexers                                         ; Auto               ; Auto               ;
; Create Debugging Nodes for IP Cores                              ; Off                ; Off                ;
; Preserve fewer node names                                        ; On                 ; On                 ;
; Intel FPGA IP Evaluation Mode                                    ; Enable             ; Enable             ;
; Verilog Version                                                  ; Verilog_2001       ; Verilog_2001       ;
; State Machine Processing                                         ; Auto               ; Auto               ;
; Safe State Machine                                               ; Off                ; Off                ;
; Extract Verilog State Machines                                   ; On                 ; On                 ;
; Extract VHDL State Machines                                      ; On                 ; On                 ;
; Ignore Verilog initial constructs                                ; Off                ; Off                ;
; Iteration limit for constant Verilog loops                       ; 5000               ; 5000               ;
; Iteration limit for non-constant Verilog loops                   ; 250                ; 250                ;
; Add Pass-Through Logic to Inferred RAMs                          ; On                 ; On                 ;
; Infer RAMs from Raw Logic                                        ; On                 ; On                 ;
; Parallel Synthesis                                               ; On                 ; On                 ;
; DSP Block Balancing                                              ; Auto               ; Auto               ;
; NOT Gate Push-Back                                               ; On                 ; On                 ;
; Power-Up Don't Care                                              ; On                 ; On                 ;
; Remove Redundant Logic Cells                                     ; Off                ; Off                ;
; Remove Duplicate Registers                                       ; On                 ; On                 ;
; Ignore CARRY Buffers                                             ; Off                ; Off                ;
; Ignore CASCADE Buffers                                           ; Off                ; Off                ;
; Ignore GLOBAL Buffers                                            ; Off                ; Off                ;
; Ignore ROW GLOBAL Buffers                                        ; Off                ; Off                ;
; Ignore LCELL Buffers                                             ; Off                ; Off                ;
; Ignore SOFT Buffers                                              ; On                 ; On                 ;
; Limit AHDL Integers to 32 Bits                                   ; Off                ; Off                ;
; Optimization Technique                                           ; Balanced           ; Balanced           ;
; Carry Chain Length                                               ; 70                 ; 70                 ;
; Auto Carry Chains                                                ; On                 ; On                 ;
; Auto Open-Drain Pins                                             ; On                 ; On                 ;
; Perform WYSIWYG Primitive Resynthesis                            ; Off                ; Off                ;
; Auto ROM Replacement                                             ; On                 ; On                 ;
; Auto RAM Replacement                                             ; On                 ; On                 ;
; Auto DSP Block Replacement                                       ; On                 ; On                 ;
; Auto Shift Register Replacement                                  ; Auto               ; Auto               ;
; Allow Shift Register Merging across Hierarchies                  ; Auto               ; Auto               ;
; Auto Clock Enable Replacement                                    ; On                 ; On                 ;
; Strict RAM Replacement                                           ; Off                ; Off                ;
; Allow Synchronous Control Signals                                ; On                 ; On                 ;
; Force Use of Synchronous Clear Signals                           ; Off                ; Off                ;
; Auto RAM Block Balancing                                         ; On                 ; On                 ;
; Auto RAM to Logic Cell Conversion                                ; Off                ; Off                ;
; Auto Resource Sharing                                            ; Off                ; Off                ;
; Allow Any RAM Size For Recognition                               ; Off                ; Off                ;
; Allow Any ROM Size For Recognition                               ; Off                ; Off                ;
; Allow Any Shift Register Size For Recognition                    ; Off                ; Off                ;
; Use LogicLock Constraints during Resource Balancing              ; On                 ; On                 ;
; Ignore translate_off and synthesis_off directives                ; Off                ; Off                ;
; Timing-Driven Synthesis                                          ; On                 ; On                 ;
; Report Parameter Settings                                        ; On                 ; On                 ;
; Report Source Assignments                                        ; On                 ; On                 ;
; Report Connectivity Checks                                       ; On                 ; On                 ;
; Ignore Maximum Fan-Out Assignments                               ; Off                ; Off                ;
; Synchronization Register Chain Length                            ; 2                  ; 2                  ;
; Power Optimization During Synthesis                              ; Normal compilation ; Normal compilation ;
; HDL message level                                                ; Level2             ; Level2             ;
; Suppress Register Optimization Related Messages                  ; Off                ; Off                ;
; Number of Removed Registers Reported in Synthesis Report         ; 5000               ; 5000               ;
; Number of Swept Nodes Reported in Synthesis Report               ; 5000               ; 5000               ;
; Number of Inverted Registers Reported in Synthesis Report        ; 100                ; 100                ;
; Clock MUX Protection                                             ; On                 ; On                 ;
; Auto Gated Clock Conversion                                      ; Off                ; Off                ;
; Block Design Naming                                              ; Auto               ; Auto               ;
; SDC constraint protection                                        ; Off                ; Off                ;
; Synthesis Effort                                                 ; Auto               ; Auto               ;
; Shift Register Replacement - Allow Asynchronous Clear Signal     ; On                 ; On                 ;
; Pre-Mapping Resynthesis Optimization                             ; Off                ; Off                ;
; Analysis & Synthesis Message Level                               ; Medium             ; Medium             ;
; Disable Register Merging Across Hierarchies                      ; Auto               ; Auto               ;
; Resource Aware Inference For Block RAM                           ; On                 ; On                 ;
+------------------------------------------------------------------+--------------------+--------------------+


+------------------------------------------+
; Parallel Compilation                     ;
+----------------------------+-------------+
; Processors                 ; Number      ;
+----------------------------+-------------+
; Number detected on machine ; 20          ;
; Maximum allowed            ; 12          ;
;                            ;             ;
; Average used               ; 1.00        ;
; Maximum used               ; 1           ;
;                            ;             ;
; Usage by Processor         ; % Time Used ;
;     Processor 1            ; 100.0%      ;
+----------------------------+-------------+


+-------------------------------+
; Analysis & Synthesis Messages ;
+-------------------------------+
Info: *******************************************************************
Info: Running Quartus Prime Analysis & Synthesis
    Info: Version 20.1.1 Build 720 11/11/2020 SJ Standard Edition
    Info: Copyright (C) 2020  Intel Corporation. All rights reserved.
    Info: Your use of Intel Corporation's design tools, logic functions 
    Info: and other software and tools, and any partner logic 
    Info: functions, and any output files from any of the foregoing 
    Info: (including device programming or simulation files), and any 
    Info: associated documentation or information are expressly subject 
    Info: to the terms and conditions of the Intel Program License 
    Info: Subscription Agreement, the Intel Quartus Prime License Agreement,
    Info: the Intel FPGA IP License Agreement, or other applicable license
    Info: agreement, including, without limitation, that your use is for
    Info: the sole purpose of programming logic devices manufactured by
    Info: Intel and sold by Intel or its authorized distributors.  Please
    Info: refer to the applicable agreement for further details, at
    Info: https://fpgasoftware.intel.com/eula.
    Info: Processing started: Tue Oct 29 14:12:59 2024
Info: Command: quartus_map --read_settings_files=on --write_settings_files=off toolflow -c toolflow
Warning (18236): Number of processors has not been specified which may cause overloading on shared machines.  Set the global assignment NUM_PARALLEL_PROCESSORS in your QSF to an appropriate value for best performance.
Info (20030): Parallel compilation is enabled and will use 12 of the 12 processors detected
Info (12021): Found 2 design units, including 1 entities, in source file /home/connero/Documents/processsor-proj-1/proj/src/LowLevel/adderSubtractor.vhd
    Info (12022): Found design unit 1: adderSubtractor-structural File: /home/connero/Documents/processsor-proj-1/proj/src/LowLevel/adderSubtractor.vhd Line: 30
    Info (12023): Found entity 1: adderSubtractor File: /home/connero/Documents/processsor-proj-1/proj/src/LowLevel/adderSubtractor.vhd Line: 16
Info (12021): Found 2 design units, including 1 entities, in source file /home/connero/Documents/processsor-proj-1/proj/src/LowLevel/andg2.vhd
    Info (12022): Found design unit 1: andg2-dataflow File: /home/connero/Documents/processsor-proj-1/proj/src/LowLevel/andg2.vhd Line: 21
    Info (12023): Found entity 1: andg2 File: /home/connero/Documents/processsor-proj-1/proj/src/LowLevel/andg2.vhd Line: 15
Info (12021): Found 2 design units, including 1 entities, in source file /home/connero/Documents/processsor-proj-1/proj/src/LowLevel/andg32.vhd
    Info (12022): Found design unit 1: andg32-dataflow File: /home/connero/Documents/processsor-proj-1/proj/src/LowLevel/andg32.vhd Line: 18
    Info (12023): Found entity 1: andg32 File: /home/connero/Documents/processsor-proj-1/proj/src/LowLevel/andg32.vhd Line: 10
Info (12021): Found 2 design units, including 1 entities, in source file /home/connero/Documents/processsor-proj-1/proj/src/LowLevel/comp1_N.vhd
    Info (12022): Found design unit 1: comp1_N-structural File: /home/connero/Documents/processsor-proj-1/proj/src/LowLevel/comp1_N.vhd Line: 22
    Info (12023): Found entity 1: comp1_N File: /home/connero/Documents/processsor-proj-1/proj/src/LowLevel/comp1_N.vhd Line: 14
Info (12021): Found 2 design units, including 1 entities, in source file /home/connero/Documents/processsor-proj-1/proj/src/LowLevel/complementor1_N.vhd
    Info (12022): Found design unit 1: complementor1_N-structural File: /home/connero/Documents/processsor-proj-1/proj/src/LowLevel/complementor1_N.vhd Line: 21
    Info (12023): Found entity 1: complementor1_N File: /home/connero/Documents/processsor-proj-1/proj/src/LowLevel/complementor1_N.vhd Line: 14
Error (10500): VHDL syntax error at decoder_5t32.vhd(112) near text "u2";  expecting "begin", or a declaration statement File: /home/connero/Documents/processsor-proj-1/proj/src/LowLevel/decoder_5t32.vhd Line: 112
Info (12021): Found 0 design units, including 0 entities, in source file /home/connero/Documents/processsor-proj-1/proj/src/LowLevel/decoder_5t32.vhd
Info (12021): Found 2 design units, including 1 entities, in source file /home/connero/Documents/processsor-proj-1/proj/src/LowLevel/dffg.vhd
    Info (12022): Found design unit 1: dffg-mixed File: /home/connero/Documents/processsor-proj-1/proj/src/LowLevel/dffg.vhd Line: 26
    Info (12023): Found entity 1: dffg File: /home/connero/Documents/processsor-proj-1/proj/src/LowLevel/dffg.vhd Line: 17
Info (12021): Found 2 design units, including 1 entities, in source file /home/connero/Documents/processsor-proj-1/proj/src/LowLevel/dffg_n.vhd
    Info (12022): Found design unit 1: dffg_n-mixed File: /home/connero/Documents/processsor-proj-1/proj/src/LowLevel/dffg_n.vhd Line: 28
    Info (12023): Found entity 1: dffg_n File: /home/connero/Documents/processsor-proj-1/proj/src/LowLevel/dffg_n.vhd Line: 15
Info (12021): Found 2 design units, including 1 entities, in source file /home/connero/Documents/processsor-proj-1/proj/src/LowLevel/dffg_tb.vhd
    Info (12022): Found design unit 1: dffg_tb-behavior File: /home/connero/Documents/processsor-proj-1/proj/src/LowLevel/dffg_tb.vhd Line: 21
    Info (12023): Found entity 1: dffg_tb File: /home/connero/Documents/processsor-proj-1/proj/src/LowLevel/dffg_tb.vhd Line: 13
Info (12021): Found 2 design units, including 1 entities, in source file /home/connero/Documents/processsor-proj-1/proj/src/LowLevel/extender16t32.vhd
    Info (12022): Found design unit 1: extender16t32-dataflow File: /home/connero/Documents/processsor-proj-1/proj/src/LowLevel/extender16t32.vhd Line: 23
    Info (12023): Found entity 1: extender16t32 File: /home/connero/Documents/processsor-proj-1/proj/src/LowLevel/extender16t32.vhd Line: 16
Info (12021): Found 2 design units, including 1 entities, in source file /home/connero/Documents/processsor-proj-1/proj/src/LowLevel/extender8t32.vhd
    Info (12022): Found design unit 1: extender8t32-dataflow File: /home/connero/Documents/processsor-proj-1/proj/src/LowLevel/extender8t32.vhd Line: 19
    Info (12023): Found entity 1: extender8t32 File: /home/connero/Documents/processsor-proj-1/proj/src/LowLevel/extender8t32.vhd Line: 11
Info (12021): Found 2 design units, including 1 entities, in source file /home/connero/Documents/processsor-proj-1/proj/src/LowLevel/fulladder.vhd
    Info (12022): Found design unit 1: fulladder-structural File: /home/connero/Documents/processsor-proj-1/proj/src/LowLevel/fulladder.vhd Line: 27
    Info (12023): Found entity 1: fulladder File: /home/connero/Documents/processsor-proj-1/proj/src/LowLevel/fulladder.vhd Line: 16
Info (12021): Found 2 design units, including 1 entities, in source file /home/connero/Documents/processsor-proj-1/proj/src/LowLevel/invg.vhd
    Info (12022): Found design unit 1: invg-dataflow File: /home/connero/Documents/processsor-proj-1/proj/src/LowLevel/invg.vhd Line: 20
    Info (12023): Found entity 1: invg File: /home/connero/Documents/processsor-proj-1/proj/src/LowLevel/invg.vhd Line: 14
Info (12021): Found 2 design units, including 1 entities, in source file /home/connero/Documents/processsor-proj-1/proj/src/LowLevel/mem.vhd
    Info (12022): Found design unit 1: mem-rtl File: /home/connero/Documents/processsor-proj-1/proj/src/LowLevel/mem.vhd Line: 31
    Info (12023): Found entity 1: mem File: /home/connero/Documents/processsor-proj-1/proj/src/LowLevel/mem.vhd Line: 16
Info (12021): Found 2 design units, including 1 entities, in source file /home/connero/Documents/processsor-proj-1/proj/src/LowLevel/mux16t1.vhd
    Info (12022): Found design unit 1: mux16t1-behavior File: /home/connero/Documents/processsor-proj-1/proj/src/LowLevel/mux16t1.vhd Line: 24
    Info (12023): Found entity 1: mux16t1 File: /home/connero/Documents/processsor-proj-1/proj/src/LowLevel/mux16t1.vhd Line: 14
Info (12021): Found 2 design units, including 1 entities, in source file /home/connero/Documents/processsor-proj-1/proj/src/LowLevel/mux2t1.vhd
    Info (12022): Found design unit 1: mux2t1-dataflow File: /home/connero/Documents/processsor-proj-1/proj/src/LowLevel/mux2t1.vhd Line: 26
    Info (12023): Found entity 1: mux2t1 File: /home/connero/Documents/processsor-proj-1/proj/src/LowLevel/mux2t1.vhd Line: 17
Info (12021): Found 2 design units, including 1 entities, in source file /home/connero/Documents/processsor-proj-1/proj/src/LowLevel/mux2t1_N.vhd
    Info (12022): Found design unit 1: mux2t1_N-structural File: /home/connero/Documents/processsor-proj-1/proj/src/LowLevel/mux2t1_N.vhd Line: 30
    Info (12023): Found entity 1: mux2t1_N File: /home/connero/Documents/processsor-proj-1/proj/src/LowLevel/mux2t1_N.vhd Line: 18
Info (12021): Found 2 design units, including 1 entities, in source file /home/connero/Documents/processsor-proj-1/proj/src/LowLevel/mux32t1.vhd
    Info (12022): Found design unit 1: mux32t1-behavior File: /home/connero/Documents/processsor-proj-1/proj/src/LowLevel/mux32t1.vhd Line: 25
    Info (12023): Found entity 1: mux32t1 File: /home/connero/Documents/processsor-proj-1/proj/src/LowLevel/mux32t1.vhd Line: 17
Info (12021): Found 2 design units, including 1 entities, in source file /home/connero/Documents/processsor-proj-1/proj/src/LowLevel/mux4t1.vhd
    Info (12022): Found design unit 1: mux4t1-structural File: /home/connero/Documents/processsor-proj-1/proj/src/LowLevel/mux4t1.vhd Line: 32
    Info (12023): Found entity 1: mux4t1 File: /home/connero/Documents/processsor-proj-1/proj/src/LowLevel/mux4t1.vhd Line: 21
Info (12021): Found 2 design units, including 1 entities, in source file /home/connero/Documents/processsor-proj-1/proj/src/LowLevel/mux4t1_N.vhd
    Info (12022): Found design unit 1: mux4t1_n-structural File: /home/connero/Documents/processsor-proj-1/proj/src/LowLevel/mux4t1_N.vhd Line: 25
    Info (12023): Found entity 1: mux4t1_n File: /home/connero/Documents/processsor-proj-1/proj/src/LowLevel/mux4t1_N.vhd Line: 11
Info (12021): Found 2 design units, including 1 entities, in source file /home/connero/Documents/processsor-proj-1/proj/src/LowLevel/nandg32.vhd
    Info (12022): Found design unit 1: nandg32-dataflow File: /home/connero/Documents/processsor-proj-1/proj/src/LowLevel/nandg32.vhd Line: 15
    Info (12023): Found entity 1: nandg32 File: /home/connero/Documents/processsor-proj-1/proj/src/LowLevel/nandg32.vhd Line: 10
Info (12021): Found 2 design units, including 1 entities, in source file /home/connero/Documents/processsor-proj-1/proj/src/LowLevel/norg32.vhd
    Info (12022): Found design unit 1: norg32-dataflow File: /home/connero/Documents/processsor-proj-1/proj/src/LowLevel/norg32.vhd Line: 16
    Info (12023): Found entity 1: norg32 File: /home/connero/Documents/processsor-proj-1/proj/src/LowLevel/norg32.vhd Line: 10
Info (12021): Found 2 design units, including 1 entities, in source file /home/connero/Documents/processsor-proj-1/proj/src/LowLevel/org2.vhd
    Info (12022): Found design unit 1: org2-dataflow File: /home/connero/Documents/processsor-proj-1/proj/src/LowLevel/org2.vhd Line: 22
    Info (12023): Found entity 1: org2 File: /home/connero/Documents/processsor-proj-1/proj/src/LowLevel/org2.vhd Line: 15
Info (12021): Found 2 design units, including 1 entities, in source file /home/connero/Documents/processsor-proj-1/proj/src/LowLevel/org32.vhd
    Info (12022): Found design unit 1: org32-dataflow File: /home/connero/Documents/processsor-proj-1/proj/src/LowLevel/org32.vhd Line: 16
    Info (12023): Found entity 1: org32 File: /home/connero/Documents/processsor-proj-1/proj/src/LowLevel/org32.vhd Line: 10
Info (12021): Found 2 design units, including 1 entities, in source file /home/connero/Documents/processsor-proj-1/proj/src/LowLevel/xorg2.vhd
    Info (12022): Found design unit 1: xorg2-dataflow File: /home/connero/Documents/processsor-proj-1/proj/src/LowLevel/xorg2.vhd Line: 22
    Info (12023): Found entity 1: xorg2 File: /home/connero/Documents/processsor-proj-1/proj/src/LowLevel/xorg2.vhd Line: 15
Info (12021): Found 2 design units, including 1 entities, in source file /home/connero/Documents/processsor-proj-1/proj/src/LowLevel/xorg32.vhd
    Info (12022): Found design unit 1: xorg32-dataflow File: /home/connero/Documents/processsor-proj-1/proj/src/LowLevel/xorg32.vhd Line: 20
    Info (12023): Found entity 1: xorg32 File: /home/connero/Documents/processsor-proj-1/proj/src/LowLevel/xorg32.vhd Line: 13
Info (12021): Found 2 design units, including 0 entities, in source file /home/connero/Documents/processsor-proj-1/proj/src/MIPS_types.vhd
    Info (12022): Found design unit 1: MIPS_types File: /home/connero/Documents/processsor-proj-1/proj/src/MIPS_types.vhd Line: 19
    Info (12022): Found design unit 2: MIPS_types-body File: /home/connero/Documents/processsor-proj-1/proj/src/MIPS_types.vhd Line: 33
Info (12021): Found 2 design units, including 1 entities, in source file /home/connero/Documents/processsor-proj-1/proj/src/TopLevel/ALU/ALU.vhd
    Info (12022): Found design unit 1: alu-structural File: /home/connero/Documents/processsor-proj-1/proj/src/TopLevel/ALU/ALU.vhd Line: 28
    Info (12023): Found entity 1: alu File: /home/connero/Documents/processsor-proj-1/proj/src/TopLevel/ALU/ALU.vhd Line: 15
Info (12021): Found 2 design units, including 1 entities, in source file /home/connero/Documents/processsor-proj-1/proj/src/TopLevel/BarrelShifter/barrelShifter.vhd
    Info (12022): Found design unit 1: barrelShifter-structure File: /home/connero/Documents/processsor-proj-1/proj/src/TopLevel/BarrelShifter/barrelShifter.vhd Line: 31
    Info (12023): Found entity 1: barrelShifter File: /home/connero/Documents/processsor-proj-1/proj/src/TopLevel/BarrelShifter/barrelShifter.vhd Line: 19
Info (12021): Found 2 design units, including 1 entities, in source file /home/connero/Documents/processsor-proj-1/proj/src/TopLevel/Control/control_unit.vhd
    Info (12022): Found design unit 1: control_unit-dataflow File: /home/connero/Documents/processsor-proj-1/proj/src/TopLevel/Control/control_unit.vhd Line: 21
    Info (12023): Found entity 1: control_unit File: /home/connero/Documents/processsor-proj-1/proj/src/TopLevel/Control/control_unit.vhd Line: 12
Info (12021): Found 2 design units, including 1 entities, in source file /home/connero/Documents/processsor-proj-1/proj/src/TopLevel/Fetch/program_counter.vhd
    Info (12022): Found design unit 1: program_counter-structural File: /home/connero/Documents/processsor-proj-1/proj/src/TopLevel/Fetch/program_counter.vhd Line: 29
    Info (12023): Found entity 1: program_counter File: /home/connero/Documents/processsor-proj-1/proj/src/TopLevel/Fetch/program_counter.vhd Line: 19
Info (12021): Found 2 design units, including 1 entities, in source file /home/connero/Documents/processsor-proj-1/proj/src/TopLevel/Fetch/program_counter_dff.vhd
    Info (12022): Found design unit 1: program_counter_dff-mixed File: /home/connero/Documents/processsor-proj-1/proj/src/TopLevel/Fetch/program_counter_dff.vhd Line: 23
    Info (12023): Found entity 1: program_counter_dff File: /home/connero/Documents/processsor-proj-1/proj/src/TopLevel/Fetch/program_counter_dff.vhd Line: 14
Info (12021): Found 2 design units, including 1 entities, in source file /home/connero/Documents/processsor-proj-1/proj/src/TopLevel/Fetch/register_file.vhd
    Info (12022): Found design unit 1: register_file-structural File: /home/connero/Documents/processsor-proj-1/proj/src/TopLevel/Fetch/register_file.vhd Line: 38
    Info (12023): Found entity 1: register_file File: /home/connero/Documents/processsor-proj-1/proj/src/TopLevel/Fetch/register_file.vhd Line: 23
Info (12021): Found 2 design units, including 1 entities, in source file /home/connero/Documents/processsor-proj-1/proj/src/TopLevel/MIPS_Processor.vhd
    Info (12022): Found design unit 1: MIPS_Processor-structure File: /home/connero/Documents/processsor-proj-1/proj/src/TopLevel/MIPS_Processor.vhd Line: 14
    Info (12023): Found entity 1: MIPS_Processor File: /home/connero/Documents/processsor-proj-1/proj/src/TopLevel/MIPS_Processor.vhd Line: 5
Info (12021): Found 2 design units, including 1 entities, in source file /home/connero/Documents/processsor-proj-1/proj/src/TopLevel/Sign-Extend/sign_extend.vhd
    Info (12022): Found design unit 1: SignExtend-Behavioral File: /home/connero/Documents/processsor-proj-1/proj/src/TopLevel/Sign-Extend/sign_extend.vhd Line: 21
    Info (12023): Found entity 1: SignExtend File: /home/connero/Documents/processsor-proj-1/proj/src/TopLevel/Sign-Extend/sign_extend.vhd Line: 15
Error (10430): VHDL Primary Unit Declaration error at mem.vhd(17): primary unit "mem" already exists in library "work". Compile the two primary units into different libraries or assign them unique names. The Intel FPGA Knowledge Database contains many articles with specific details on how to resolve this error. Visit the Knowledge Database at https://www.altera.com/support/support-resources/knowledge-base/search.html and search for this specific error message number. File: /home/connero/Documents/processsor-proj-1/proj/src/TopLevel/mem.vhd Line: 17
Error (10784): HDL error at mem.vhd(16): see declaration for object "mem" File: /home/connero/Documents/processsor-proj-1/proj/src/LowLevel/mem.vhd Line: 16
Info (12021): Found 0 design units, including 0 entities, in source file /home/connero/Documents/processsor-proj-1/proj/src/TopLevel/mem.vhd
Error: Quartus Prime Analysis & Synthesis was unsuccessful. 3 errors, 1 warning
    Error: Peak virtual memory: 680 megabytes
    Error: Processing ended: Tue Oct 29 14:13:10 2024
    Error: Elapsed time: 00:00:11
    Error: Total CPU time (on all processors): 00:00:11


