QuestaSim-64 vcom 2024.2 Compiler 2024.05 May 20 2024
Start time: 20:53:07 on Dec 01,2024
vcom -2008 -work internal/ModelSimContainer/work proj/src/MIPS_types.vhd internal/testpy/tb.vhd proj/src/MIPS_types.vhd proj/src/TopLevel/mem.vhd proj/src/TopLevel/MIPS_Processor.vhd proj/src/TopLevel/Buffers/IF_ID_Reg.vhd proj/src/TopLevel/Buffers/MEM_WB_Reg.vhd proj/src/TopLevel/Buffers/ID_EX_Reg.vhd proj/src/TopLevel/Buffers/EX_Mem_Reg.vhd proj/src/TopLevel/PC/program_counter_dff.vhd proj/src/TopLevel/PC/program_counter_source.vhd proj/src/TopLevel/PC/program_counter.vhd proj/src/TopLevel/ALU/ALU_Control.vhd proj/src/TopLevel/ALU/ALU.vhd proj/src/TopLevel/Control/control.vhd proj/src/MidLevel/register_file.vhd proj/src/MidLevel/barrel_shifter.vhd proj/src/MidLevel/ripple_adder.vhd proj/src/LowLevel/dffg_n.vhd proj/src/LowLevel/adderSubtractor.vhd proj/src/LowLevel/complementor1_N.vhd proj/src/LowLevel/mux2t1_N.vhd proj/src/LowLevel/size_filter.vhd proj/src/LowLevel/mux_Nt1.vhd proj/src/LowLevel/xorg2.vhd proj/src/LowLevel/norg32.vhd proj/src/LowLevel/extender8t32.vhd proj/src/LowLevel/mux16t1.vhd proj/src/LowLevel/dffg.vhd proj/src/LowLevel/mux4t1.vhd proj/src/LowLevel/org2.vhd proj/src/LowLevel/xorg32.vhd proj/src/LowLevel/muxNtM.vhd proj/src/LowLevel/fulladder.vhd proj/src/LowLevel/invg.vhd proj/src/LowLevel/extender16t32.vhd proj/src/LowLevel/andg2.vhd proj/src/LowLevel/mux2t1.vhd proj/src/LowLevel/inverter_N.vhd proj/src/LowLevel/logic_N.vhd proj/src/LowLevel/decoder_5t32.vhd proj/src/LowLevel/mux4t1_N.vhd proj/src/LowLevel/mux32t1.vhd proj/src/LowLevel/org32.vhd proj/src/LowLevel/nandg32.vhd proj/src/LowLevel/andg32.vhd proj/src/LowLevel/shift_left_2.vhd 
-- Loading package STANDARD
-- Loading package TEXTIO
-- Loading package std_logic_1164
-- Loading package NUMERIC_STD
-- Compiling package MIPS_types
-- Compiling package body MIPS_types
-- Loading package MIPS_types
-- Loading package std_logic_textio
-- Loading package ENV
-- Compiling entity tb
-- Compiling architecture mixed of tb
** Warning: proj/src/MIPS_types.vhd(11): (vcom-1615) Existing package 'MIPS_types' at line 11 will be overwritten.
-- Compiling package MIPS_types
** Warning: proj/src/MIPS_types.vhd(26): (vcom-1615) Existing package body 'MIPS_types(body)' at line 26 will be overwritten.
-- Compiling package body MIPS_types
-- Loading package MIPS_types
-- Compiling entity mem
-- Compiling architecture rtl of mem
-- Loading package MIPS_types
-- Compiling entity MIPS_Processor
-- Compiling architecture structure of MIPS_Processor
-- Compiling entity if_id_reg
-- Compiling architecture structural of if_id_reg
-- Compiling entity mem_wb_reg
-- Compiling architecture structural of mem_wb_reg
-- Compiling entity id_ex_reg
-- Compiling architecture structural of id_ex_reg
-- Compiling entity ex_mem_reg
-- Compiling architecture structural of ex_mem_reg
-- Compiling entity program_counter_dff
-- Compiling architecture mixed of program_counter_dff
-- Compiling entity program_counter_source
-- Compiling architecture dataflow of program_counter_source
-- Compiling entity program_counter
-- Compiling architecture structural of program_counter
-- Compiling entity alu_control
-- Compiling architecture behavioral of alu_control
-- Compiling entity ALU
-- Compiling architecture mixed of ALU
** Warning: proj/src/TopLevel/Control/control.vhd(11): (vcom-1615) Existing entity 'control_unit' at /home/connero/Documents/processsor-proj-1/proj/src/TopLevel/Control/control_unit.vhd(12) will be overwritten.
-- Compiling entity control_unit
** Warning: proj/src/TopLevel/Control/control.vhd(34): (vcom-1615) Existing architecture 'control_unit(dataflow)' at /home/connero/Documents/processsor-proj-1/proj/src/TopLevel/Control/control_unit.vhd(21) will be overwritten.
-- Compiling architecture dataflow of control_unit
** Warning: proj/src/MidLevel/register_file.vhd(12): (vcom-1615) Existing entity 'register_file' at /home/connero/Documents/processsor-proj-1/proj/src/TopLevel/Fetch/register_file.vhd(23) will be overwritten.
-- Compiling entity register_file
** Warning: proj/src/MidLevel/register_file.vhd(28): (vcom-1615) Existing architecture 'register_file(structural)' at /home/connero/Documents/processsor-proj-1/proj/src/TopLevel/Fetch/register_file.vhd(38) will be overwritten.
-- Compiling architecture structural of register_file
-- Compiling entity barrel_shifter
-- Compiling architecture structure of barrel_shifter
-- Compiling entity ripple_adder
-- Compiling architecture structural of ripple_adder
** Warning: proj/src/LowLevel/dffg_n.vhd(14): (vcom-1615) Existing entity 'dffg_n' at /home/connero/Documents/processsor-proj-1/proj/src/LowLevel/dffg_n.vhd(15) will be overwritten.
-- Compiling entity dffg_n
-- Compiling architecture structural of dffg_n
-- Compiling entity adderSubtractor
-- Compiling architecture structural of adderSubtractor
** Warning: proj/src/LowLevel/complementor1_N.vhd(14): (vcom-1615) Existing entity 'complementor1_N' at /home/connero/Documents/processsor-proj-1/proj/src/LowLevel/complementor1_N.vhd(14) will be overwritten.
-- Compiling entity complementor1_N
** Warning: proj/src/LowLevel/complementor1_N.vhd(25): (vcom-1615) Existing architecture 'complementor1_N(structural)' at /home/connero/Documents/processsor-proj-1/proj/src/LowLevel/complementor1_N.vhd(21) will be overwritten.
-- Compiling architecture structural of complementor1_N
** Warning: proj/src/LowLevel/mux2t1_N.vhd(14): (vcom-1615) Existing entity 'mux2t1_N' at /home/connero/Documents/processsor-proj-1/proj/src/LowLevel/mux2t1_N.vhd(18) will be overwritten.
-- Compiling entity mux2t1_N
** Warning: proj/src/LowLevel/mux2t1_N.vhd(28): (vcom-1615) Existing architecture 'mux2t1_N(structural)' at /home/connero/Documents/processsor-proj-1/proj/src/LowLevel/mux2t1_N.vhd(30) will be overwritten.
-- Compiling architecture structural of mux2t1_N
-- Compiling entity size_filter
-- Compiling architecture behavioral of size_filter
-- Compiling entity mux_Nt1
-- Compiling architecture dataflow of mux_Nt1
** Warning: proj/src/LowLevel/xorg2.vhd(14): (vcom-1615) Existing entity 'xorg2' at /home/connero/Documents/processsor-proj-1/proj/src/LowLevel/xorg2.vhd(15) will be overwritten.
-- Compiling entity xorg2
** Warning: proj/src/LowLevel/xorg2.vhd(21): (vcom-1615) Existing architecture 'xorg2(dataflow)' at /home/connero/Documents/processsor-proj-1/proj/src/LowLevel/xorg2.vhd(22) will be overwritten.
-- Compiling architecture dataflow of xorg2
** Warning: proj/src/LowLevel/norg32.vhd(11): (vcom-1615) Existing entity 'norg32' at /home/connero/Documents/processsor-proj-1/proj/src/LowLevel/norg32.vhd(10) will be overwritten.
-- Compiling entity norg32
** Warning: proj/src/LowLevel/norg32.vhd(21): (vcom-1615) Existing architecture 'norg32(dataflow)' at /home/connero/Documents/processsor-proj-1/proj/src/LowLevel/norg32.vhd(16) will be overwritten.
-- Compiling architecture dataflow of norg32
** Warning: proj/src/LowLevel/extender8t32.vhd(16): (vcom-1615) Existing entity 'extender8t32' at /home/connero/Documents/processsor-proj-1/proj/src/LowLevel/extender8t32.vhd(11) will be overwritten.
-- Compiling entity extender8t32
** Warning: proj/src/LowLevel/extender8t32.vhd(26): (vcom-1615) Existing architecture 'extender8t32(dataflow)' at /home/connero/Documents/processsor-proj-1/proj/src/LowLevel/extender8t32.vhd(19) will be overwritten.
-- Compiling architecture dataflow of extender8t32
** Warning: proj/src/LowLevel/mux16t1.vhd(15): (vcom-1615) Existing entity 'mux16t1' at /home/connero/Documents/processsor-proj-1/proj/src/LowLevel/mux16t1.vhd(14) will be overwritten.
-- Compiling entity mux16t1
** Warning: proj/src/LowLevel/mux16t1.vhd(25): (vcom-1615) Existing architecture 'mux16t1(behavior)' at /home/connero/Documents/processsor-proj-1/proj/src/LowLevel/mux16t1.vhd(24) will be overwritten.
-- Compiling architecture behavior of mux16t1
** Warning: proj/src/LowLevel/dffg.vhd(14): (vcom-1615) Existing entity 'dffg' at /home/connero/Documents/processsor-proj-1/proj/src/LowLevel/dffg.vhd(17) will be overwritten.
-- Compiling entity dffg
** Warning: proj/src/LowLevel/dffg.vhd(26): (vcom-1615) Existing architecture 'dffg(mixed)' at /home/connero/Documents/processsor-proj-1/proj/src/LowLevel/dffg.vhd(26) will be overwritten.
-- Compiling architecture mixed of dffg
** Warning: proj/src/LowLevel/mux4t1.vhd(14): (vcom-1615) Existing entity 'mux4t1' at /home/connero/Documents/processsor-proj-1/proj/src/LowLevel/mux4t1.vhd(21) will be overwritten.
-- Compiling entity mux4t1
** Warning: proj/src/LowLevel/mux4t1.vhd(27): (vcom-1615) Existing architecture 'mux4t1(structural)' at /home/connero/Documents/processsor-proj-1/proj/src/LowLevel/mux4t1.vhd(32) will be overwritten.
-- Compiling architecture structural of mux4t1
** Warning: proj/src/LowLevel/org2.vhd(14): (vcom-1615) Existing entity 'org2' at /home/connero/Documents/processsor-proj-1/proj/src/LowLevel/org2.vhd(15) will be overwritten.
-- Compiling entity org2
** Warning: proj/src/LowLevel/org2.vhd(24): (vcom-1615) Existing architecture 'org2(dataflow)' at /home/connero/Documents/processsor-proj-1/proj/src/LowLevel/org2.vhd(22) will be overwritten.
-- Compiling architecture dataflow of org2
** Warning: proj/src/LowLevel/xorg32.vhd(15): (vcom-1615) Existing entity 'xorg32' at /home/connero/Documents/processsor-proj-1/proj/src/LowLevel/xorg32.vhd(13) will be overwritten.
-- Compiling entity xorg32
** Warning: proj/src/LowLevel/xorg32.vhd(25): (vcom-1615) Existing architecture 'xorg32(dataflow)' at /home/connero/Documents/processsor-proj-1/proj/src/LowLevel/xorg32.vhd(20) will be overwritten.
-- Compiling architecture dataflow of xorg32
-- Loading package MATH_REAL
-- Compiling entity muxNtM
-- Compiling architecture Behavioral of muxNtM
** Warning: proj/src/LowLevel/fulladder.vhd(15): (vcom-1615) Existing entity 'fulladder' at /home/connero/Documents/processsor-proj-1/proj/src/LowLevel/fulladder.vhd(16) will be overwritten.
-- Compiling entity fulladder
** Warning: proj/src/LowLevel/fulladder.vhd(27): (vcom-1615) Existing architecture 'fulladder(structural)' at /home/connero/Documents/processsor-proj-1/proj/src/LowLevel/fulladder.vhd(27) will be overwritten.
-- Compiling architecture structural of fulladder
** Warning: proj/src/LowLevel/invg.vhd(14): (vcom-1615) Existing entity 'invg' at /home/connero/Documents/processsor-proj-1/proj/src/LowLevel/invg.vhd(14) will be overwritten.
-- Compiling entity invg
** Warning: proj/src/LowLevel/invg.vhd(23): (vcom-1615) Existing architecture 'invg(dataflow)' at /home/connero/Documents/processsor-proj-1/proj/src/LowLevel/invg.vhd(20) will be overwritten.
-- Compiling architecture dataflow of invg
** Warning: proj/src/LowLevel/extender16t32.vhd(16): (vcom-1615) Existing entity 'extender16t32' at /home/connero/Documents/processsor-proj-1/proj/src/LowLevel/extender16t32.vhd(16) will be overwritten.
-- Compiling entity extender16t32
** Warning: proj/src/LowLevel/extender16t32.vhd(26): (vcom-1615) Existing architecture 'extender16t32(dataflow)' at /home/connero/Documents/processsor-proj-1/proj/src/LowLevel/extender16t32.vhd(23) will be overwritten.
-- Compiling architecture dataflow of extender16t32
** Warning: proj/src/LowLevel/andg2.vhd(13): (vcom-1615) Existing entity 'andg2' at /home/connero/Documents/processsor-proj-1/proj/src/LowLevel/andg2.vhd(15) will be overwritten.
-- Compiling entity andg2
** Warning: proj/src/LowLevel/andg2.vhd(21): (vcom-1615) Existing architecture 'andg2(dataflow)' at /home/connero/Documents/processsor-proj-1/proj/src/LowLevel/andg2.vhd(21) will be overwritten.
-- Compiling architecture dataflow of andg2
** Warning: proj/src/LowLevel/mux2t1.vhd(14): (vcom-1615) Existing entity 'mux2t1' at /home/connero/Documents/processsor-proj-1/proj/src/LowLevel/mux2t1.vhd(17) will be overwritten.
-- Compiling entity mux2t1
** Warning: proj/src/LowLevel/mux2t1.vhd(25): (vcom-1615) Existing architecture 'mux2t1(dataflow)' at /home/connero/Documents/processsor-proj-1/proj/src/LowLevel/mux2t1.vhd(26) will be overwritten.
-- Compiling architecture dataflow of mux2t1
-- Compiling entity inverter_N
-- Compiling architecture structural of inverter_N
-- Compiling entity logic_N
-- Compiling architecture dataflow of logic_N
-- Loading package std_logic_arith
** Warning: proj/src/LowLevel/decoder_5t32.vhd(16): (vcom-1615) Existing entity 'decoder5t32' at /home/connero/Documents/processsor-proj-1/proj/src/LowLevel/decoder_5t32.vhd(31) will be overwritten.
-- Compiling entity decoder5t32
** Warning: proj/src/LowLevel/decoder_5t32.vhd(26): (vcom-1615) Existing architecture 'decoder5t32(mixed)' at /home/connero/Documents/processsor-proj-1/proj/src/LowLevel/decoder_5t32.vhd(38) will be overwritten.
-- Compiling architecture mixed of decoder5t32
** Warning: proj/src/LowLevel/mux4t1_N.vhd(14): (vcom-1615) Existing entity 'mux4t1_n' at /home/connero/Documents/processsor-proj-1/proj/src/LowLevel/mux4t1_N.vhd(11) will be overwritten.
-- Compiling entity mux4t1_n
** Warning: proj/src/LowLevel/mux4t1_N.vhd(31): (vcom-1615) Existing architecture 'mux4t1_n(structural)' at /home/connero/Documents/processsor-proj-1/proj/src/LowLevel/mux4t1_N.vhd(25) will be overwritten.
-- Compiling architecture structural of mux4t1_n
** Warning: proj/src/LowLevel/mux32t1.vhd(15): (vcom-1615) Existing entity 'mux32t1' at /home/connero/Documents/processsor-proj-1/proj/src/LowLevel/mux32t1.vhd(17) will be overwritten.
-- Compiling entity mux32t1
** Warning: proj/src/LowLevel/mux32t1.vhd(25): (vcom-1615) Existing architecture 'mux32t1(behavior)' at /home/connero/Documents/processsor-proj-1/proj/src/LowLevel/mux32t1.vhd(25) will be overwritten.
-- Compiling architecture behavior of mux32t1
** Warning: proj/src/LowLevel/org32.vhd(11): (vcom-1615) Existing entity 'org32' at /home/connero/Documents/processsor-proj-1/proj/src/LowLevel/org32.vhd(10) will be overwritten.
-- Compiling entity org32
** Warning: proj/src/LowLevel/org32.vhd(20): (vcom-1615) Existing architecture 'org32(dataflow)' at /home/connero/Documents/processsor-proj-1/proj/src/LowLevel/org32.vhd(16) will be overwritten.
-- Compiling architecture dataflow of org32
** Warning: proj/src/LowLevel/nandg32.vhd(12): (vcom-1615) Existing entity 'nandg32' at /home/connero/Documents/processsor-proj-1/proj/src/LowLevel/nandg32.vhd(10) will be overwritten.
-- Compiling entity nandg32
** Warning: proj/src/LowLevel/nandg32.vhd(22): (vcom-1615) Existing architecture 'nandg32(dataflow)' at /home/connero/Documents/processsor-proj-1/proj/src/LowLevel/nandg32.vhd(15) will be overwritten.
-- Compiling architecture dataflow of nandg32
** Warning: proj/src/LowLevel/andg32.vhd(11): (vcom-1615) Existing entity 'andg32' at /home/connero/Documents/processsor-proj-1/proj/src/LowLevel/andg32.vhd(10) will be overwritten.
-- Compiling entity andg32
** Warning: proj/src/LowLevel/andg32.vhd(21): (vcom-1615) Existing architecture 'andg32(dataflow)' at /home/connero/Documents/processsor-proj-1/proj/src/LowLevel/andg32.vhd(18) will be overwritten.
-- Compiling architecture dataflow of andg32
-- Compiling entity shift_left_2
-- Compiling architecture dataflow of shift_left_2
End time: 20:53:07 on Dec 01,2024, Elapsed time: 0:00:00
Errors: 0, Warnings: 49
