Reading pref.tcl

# 2024.2

# vsim -postsimdataflow -debugdb -c -voptargs=""+acc"" tb -do "modelsim_framework.do" -gOUTPUT_TRACE=ms.trace 
# Start time: 20:53:16 on Dec 01,2024
# ** Note: (vsim-3812) Design is being optimized...
# ** Note: (vsim-8611) Generating debug db.
# ** Warning: (vopt-10587) Some optimizations are turned off because the +acc switch is in effect. This will cause your simulation to run slowly. Please use -access/-debug to maintain needed visibility. The +acc switch would be deprecated in a future release.
# Support of the MGLS_LICENSE_FILE and LM_LICENSE_FILE licensing environment variables will be discontinued starting with the 2025.1 release. Please update to using the SALT_LICENSE_SERVER variable.
# Please contact Siemens EDA Customer Support (https://support.sw.siemens.com/) for assistance.
# ** Error (suppressible): ../../proj/src/TopLevel/MIPS_Processor.vhd(479): (vopt-1270) Bad default binding for component instance "PC: program_counter".
#  (Component port "o_Data" is not on the entity "work.program_counter".)
#  (Entity is selected because it is in the same library as the design unit that contains the component.)
# ** Error (suppressible): ../../proj/src/TopLevel/ALU/ALU.vhd(149): (vopt-1271) Bad default binding for component instance "barrel_shift: barrel_shifter".
#  (Component generic "sel_width" is not on the entity "work.barrel_shifter".)
#  (Entity is selected because it is in the same library as the design unit that contains the component.)
# Optimization failed
# ** Note: (vsim-12126) Error and warning message counts have been restored: Errors=2, Warnings=1.
# Error loading design
Error loading design
# End time: 20:53:17 on Dec 01,2024, Elapsed time: 0:00:01
# Errors: 2, Warnings: 1
Support of the MGLS_LICENSE_FILE and LM_LICENSE_FILE licensing environment variables will be discontinued starting with the 2025.1 release. Please update to using the SALT_LICENSE_SERVER variable.
Please contact Siemens EDA Customer Support (https://support.sw.siemens.com/) for assistance.
